<?xml version="1.0" encoding="UTF-8"?>
<testsuites name="socketspy" tests="1" failures="1" errors="0" time="5.124" timestamp="2026-08-10T12:29:12Z">
  <testsuite name="Fuzz Report" tests="1" failures="1" errors="0" time="5.124" timestamp="2026-08-10T12:29:12Z">
    <properties>
      <property name="target" value="ws://127.0.0.1:18090/ws/"></property>
      <property name="mode" value="fuzz"></property>
      <property name="tool" value="socketspy"></property>
      <property name="version" value=""></property>
    </properties>
    <testcase name="fuzz" classname="socketspy.fuzz" time="5.124">
      <failure message="3 finding(s) from 34 payloads" type="findings">[LOW] Unusually large response to fuzz payload: Mutation &#39;overflow&#39; at path &#39;action&#39; produced a response of 10028 bytes.&#xA;[MEDIUM] Error response to fuzz payload: Mutation &#39;xss_img@action&#39; at path &#39;action&#39; triggered an error containing &#39;error&#39;.&#xA;[MEDIUM] Error response to fuzz payload: Mutation &#39;xss_img@data&#39; at path &#39;data&#39; triggered an error containing &#39;error&#39;.&#xA;</failure>
    </testcase>
  </testsuite>
</testsuites>
