<?xml version="1.0" encoding="UTF-8"?>
<testsuites name="socketspy" tests="1" failures="0" errors="0" time="0.15" timestamp="2026-08-10T17:27:50Z">
  <testsuite name="Replay Report" tests="1" failures="0" errors="0" time="0.15" timestamp="2026-08-10T17:27:50Z">
    <properties>
      <property name="target" value="ws://127.0.0.1:18090/ws/"></property>
      <property name="mode" value="replay"></property>
      <property name="tool" value="socketspy"></property>
      <property name="version" value=""></property>
    </properties>
    <testcase name="replay" classname="socketspy.replay" time="0.15"></testcase>
  </testsuite>
</testsuites>
